4:27:45 PM  [main] 	Initializing Control Panel
4:27:45 PM  [main] 	Windows Version:  Enterprise  64-bit
4:27:45 PM  [main] 	XAMPP Version: 8.2.12
4:27:45 PM  [main] 	Control Panel Version: 3.3.0  [ Compiled: Apr 6th 2021 ]
4:27:45 PM  [main] 	You are not running with administrator rights! This will work for
4:27:45 PM  [main] 	most application stuff but whenever you do something with services
4:27:45 PM  [main] 	there will be a security dialogue or things will break! So think 
4:27:45 PM  [main] 	about running this application with administrator rights!
4:27:45 PM  [main] 	XAMPP Installation Directory: "e:\xmpp1\"
4:27:45 PM  [main] 	Checking for prerequisites
4:27:51 PM  [main] 	All prerequisites found
4:27:51 PM  [main] 	Initializing Modules
4:27:51 PM  [Apache] 	Problem detected!
4:27:51 PM  [Apache] 	Port 80 in use by "Unable to open process" with PID 4!
4:27:51 PM  [Apache] 	Apache WILL NOT start without the configured ports free!
4:27:51 PM  [Apache] 	You need to uninstall/disable/reconfigure the blocking application
4:27:51 PM  [Apache] 	or reconfigure Apache and the Control Panel to listen on a different port
4:27:51 PM  [main] 	Starting Check-Timer
4:27:51 PM  [main] 	Control Panel Ready
4:27:53 PM  [Apache] 	Problem detected!
4:27:53 PM  [Apache] 	Port 80 in use by "Unable to open process" with PID 4!
4:27:53 PM  [Apache] 	Apache WILL NOT start without the configured ports free!
4:27:53 PM  [Apache] 	You need to uninstall/disable/reconfigure the blocking application
4:27:53 PM  [Apache] 	or reconfigure Apache and the Control Panel to listen on a different port
4:27:53 PM  [Apache] 	Attempting to start Apache app...
4:27:53 PM  [Apache] 	Status change detected: running
4:27:54 PM  [mysql] 	Attempting to start MySQL app...
4:27:55 PM  [mysql] 	Status change detected: running
4:29:17 PM  [Apache] 	Attempting to stop Apache (PID: 13964)
4:29:17 PM  [Apache] 	Attempting to stop Apache (PID: 14080)
4:29:17 PM  [Apache] 	Status change detected: stopped
4:29:18 PM  [mysql] 	Attempting to stop MySQL app...
4:29:18 PM  [mysql] 	Status change detected: stopped
4:29:51 PM  [Apache] 	Problem detected!
4:29:51 PM  [Apache] 	Port 80 in use by "Unable to open process" with PID 4!
4:29:51 PM  [Apache] 	Apache WILL NOT start without the configured ports free!
4:29:51 PM  [Apache] 	You need to uninstall/disable/reconfigure the blocking application
4:29:51 PM  [Apache] 	or reconfigure Apache and the Control Panel to listen on a different port
4:29:51 PM  [Apache] 	Attempting to start Apache app...
4:29:51 PM  [Apache] 	Status change detected: running
4:29:52 PM  [mysql] 	Attempting to start MySQL app...
4:29:52 PM  [mysql] 	Status change detected: running
12:01:38 AM  [main] 	Deinitializing Modules
12:01:38 AM  [main] 	Deinitializing Control Panel

9:59:24 AM  [main] 	Initializing Control Panel
9:59:24 AM  [main] 	Windows Version:  Enterprise  64-bit
9:59:24 AM  [main] 	XAMPP Version: 8.2.12
9:59:24 AM  [main] 	Control Panel Version: 3.3.0  [ Compiled: Apr 6th 2021 ]
9:59:24 AM  [main] 	You are not running with administrator rights! This will work for
9:59:24 AM  [main] 	most application stuff but whenever you do something with services
9:59:24 AM  [main] 	there will be a security dialogue or things will break! So think 
9:59:24 AM  [main] 	about running this application with administrator rights!
9:59:24 AM  [main] 	XAMPP Installation Directory: "e:\xmpp1\"
9:59:24 AM  [main] 	Checking for prerequisites
9:59:26 AM  [main] 	All prerequisites found
9:59:26 AM  [main] 	Initializing Modules
9:59:26 AM  [Apache] 	Problem detected!
9:59:26 AM  [Apache] 	Port 80 in use by "Unable to open process" with PID 4!
9:59:26 AM  [Apache] 	Apache WILL NOT start without the configured ports free!
9:59:26 AM  [Apache] 	You need to uninstall/disable/reconfigure the blocking application
9:59:26 AM  [Apache] 	or reconfigure Apache and the Control Panel to listen on a different port
9:59:26 AM  [main] 	Starting Check-Timer
9:59:26 AM  [main] 	Control Panel Ready
9:59:28 AM  [Apache] 	Problem detected!
9:59:28 AM  [Apache] 	Port 80 in use by "Unable to open process" with PID 4!
9:59:28 AM  [Apache] 	Apache WILL NOT start without the configured ports free!
9:59:28 AM  [Apache] 	You need to uninstall/disable/reconfigure the blocking application
9:59:28 AM  [Apache] 	or reconfigure Apache and the Control Panel to listen on a different port
9:59:28 AM  [Apache] 	Attempting to start Apache app...
9:59:29 AM  [Apache] 	Status change detected: running
9:59:30 AM  [mysql] 	Attempting to start MySQL app...
9:59:31 AM  [mysql] 	Status change detected: running
12:46:31 PM  [main] 	Deinitializing Modules
12:46:31 PM  [main] 	Deinitializing Control Panel

4:43:40 PM  [main] 	Initializing Control Panel
4:43:40 PM  [main] 	Windows Version:  Enterprise  64-bit
4:43:40 PM  [main] 	XAMPP Version: 8.2.12
4:43:40 PM  [main] 	Control Panel Version: 3.3.0  [ Compiled: Apr 6th 2021 ]
4:43:40 PM  [main] 	You are not running with administrator rights! This will work for
4:43:40 PM  [main] 	most application stuff but whenever you do something with services
4:43:40 PM  [main] 	there will be a security dialogue or things will break! So think 
4:43:40 PM  [main] 	about running this application with administrator rights!
4:43:40 PM  [main] 	XAMPP Installation Directory: "e:\xmpp1\"
4:43:40 PM  [main] 	Checking for prerequisites
4:43:43 PM  [main] 	All prerequisites found
4:43:43 PM  [main] 	Initializing Modules
4:43:43 PM  [Apache] 	Problem detected!
4:43:43 PM  [Apache] 	Port 80 in use by "Unable to open process" with PID 4!
4:43:43 PM  [Apache] 	Apache WILL NOT start without the configured ports free!
4:43:43 PM  [Apache] 	You need to uninstall/disable/reconfigure the blocking application
4:43:43 PM  [Apache] 	or reconfigure Apache and the Control Panel to listen on a different port
4:43:43 PM  [main] 	Starting Check-Timer
4:43:43 PM  [main] 	Control Panel Ready
4:43:46 PM  [Apache] 	Problem detected!
4:43:46 PM  [Apache] 	Port 80 in use by "Unable to open process" with PID 4!
4:43:46 PM  [Apache] 	Apache WILL NOT start without the configured ports free!
4:43:46 PM  [Apache] 	You need to uninstall/disable/reconfigure the blocking application
4:43:46 PM  [Apache] 	or reconfigure Apache and the Control Panel to listen on a different port
4:43:46 PM  [Apache] 	Attempting to start Apache app...
4:43:47 PM  [Apache] 	Status change detected: running
4:43:47 PM  [mysql] 	Attempting to start MySQL app...
4:43:49 PM  [mysql] 	Status change detected: running
10:11:03 PM  [main] 	Deinitializing Modules
10:11:03 PM  [main] 	Deinitializing Control Panel

9:20:05 PM  [main] 	Initializing Control Panel
9:20:05 PM  [main] 	Windows Version:  Enterprise  64-bit
9:20:05 PM  [main] 	XAMPP Version: 8.2.12
9:20:05 PM  [main] 	Control Panel Version: 3.3.0  [ Compiled: Apr 6th 2021 ]
9:20:05 PM  [main] 	You are not running with administrator rights! This will work for
9:20:05 PM  [main] 	most application stuff but whenever you do something with services
9:20:05 PM  [main] 	there will be a security dialogue or things will break! So think 
9:20:05 PM  [main] 	about running this application with administrator rights!
9:20:05 PM  [main] 	XAMPP Installation Directory: "e:\xmpp1\"
9:20:05 PM  [main] 	Checking for prerequisites
9:20:06 PM  [main] 	All prerequisites found
9:20:06 PM  [main] 	Initializing Modules
9:20:06 PM  [Apache] 	Problem detected!
9:20:06 PM  [Apache] 	Port 80 in use by "Unable to open process" with PID 4!
9:20:06 PM  [Apache] 	Apache WILL NOT start without the configured ports free!
9:20:06 PM  [Apache] 	You need to uninstall/disable/reconfigure the blocking application
9:20:06 PM  [Apache] 	or reconfigure Apache and the Control Panel to listen on a different port
9:20:06 PM  [main] 	Starting Check-Timer
9:20:06 PM  [main] 	Control Panel Ready
9:20:38 PM  [Apache] 	Problem detected!
9:20:38 PM  [Apache] 	Port 80 in use by "Unable to open process" with PID 4!
9:20:38 PM  [Apache] 	Apache WILL NOT start without the configured ports free!
9:20:38 PM  [Apache] 	You need to uninstall/disable/reconfigure the blocking application
9:20:38 PM  [Apache] 	or reconfigure Apache and the Control Panel to listen on a different port
9:20:38 PM  [Apache] 	Attempting to start Apache app...
9:20:38 PM  [Apache] 	Status change detected: running
9:20:42 PM  [mysql] 	Attempting to start MySQL app...
9:20:42 PM  [mysql] 	Status change detected: running
9:20:55 PM  [Apache] 	Attempting to stop Apache (PID: 9080)
9:20:55 PM  [Apache] 	Attempting to stop Apache (PID: 14352)
9:20:55 PM  [Apache] 	Status change detected: stopped
9:20:56 PM  [mysql] 	Attempting to stop MySQL app...
9:20:56 PM  [mysql] 	Status change detected: stopped
9:21:02 PM  [Apache] 	Problem detected!
9:21:02 PM  [Apache] 	Port 80 in use by "Unable to open process" with PID 4!
9:21:02 PM  [Apache] 	Apache WILL NOT start without the configured ports free!
9:21:02 PM  [Apache] 	You need to uninstall/disable/reconfigure the blocking application
9:21:02 PM  [Apache] 	or reconfigure Apache and the Control Panel to listen on a different port
9:21:02 PM  [Apache] 	Attempting to start Apache app...
9:21:02 PM  [Apache] 	Status change detected: running
9:21:03 PM  [mysql] 	Attempting to start MySQL app...
9:21:03 PM  [mysql] 	Status change detected: running
10:10:58 PM  [Apache] 	Attempting to stop Apache (PID: 10852)
10:10:58 PM  [Apache] 	Attempting to stop Apache (PID: 3728)
10:10:59 PM  [Apache] 	Status change detected: stopped
10:11:00 PM  [mysql] 	Attempting to stop MySQL app...
10:11:00 PM  [mysql] 	Status change detected: stopped
10:11:21 PM  [main] 	Deinitializing Modules
10:11:21 PM  [main] 	Deinitializing Control Panel

